2020-01-02 08:52:46<xml><ToUserName><![CDATA[gh_70ac0054afe0]]></ToUserName>
<FromUserName><![CDATA[ooRh-0TTkeDhaECXVI9w2Jrk7vTE]]></FromUserName>
<CreateTime>1577948448</CreateTime>
<MsgType><![CDATA[event]]></MsgType>
<Event><![CDATA[subscribe]]></Event>
<EventKey><![CDATA[]]></EventKey>
</xml>2020-01-02 10:42:53<xml><ToUserName><![CDATA[gh_70ac0054afe0]]></ToUserName>
<FromUserName><![CDATA[ooRh-0TTkeDhaECXVI9w2Jrk7vTE]]></FromUserName>
<CreateTime>1577948448</CreateTime>
<MsgType><![CDATA[event]]></MsgType>
<Event><![CDATA[subscribe]]></Event>
<EventKey><![CDATA[]]></EventKey>
</xml>2020-01-02 10:42:57<xml><ToUserName><![CDATA[gh_70ac0054afe0]]></ToUserName>
<FromUserName><![CDATA[ooRh-0TTkeDhaECXVI9w2Jrk7vTE]]></FromUserName>
<CreateTime>1577948448</CreateTime>
<MsgType><![CDATA[event]]></MsgType>
<Event><![CDATA[subscribe]]></Event>
<EventKey><![CDATA[]]></EventKey>
</xml>2020-01-02 10:44:15<xml><ToUserName><![CDATA[gh_70ac0054afe0]]></ToUserName>
<FromUserName><![CDATA[ooRh-0TTkeDhaECXVI9w2Jrk7vTE]]></FromUserName>
<CreateTime>1577948448</CreateTime>
<MsgType><![CDATA[event]]></MsgType>
<Event><![CDATA[subscribe]]></Event>
<EventKey><![CDATA[]]></EventKey>
</xml>2020-01-02 10:44:50<xml><ToUserName><![CDATA[gh_70ac0054afe0]]></ToUserName>
<FromUserName><![CDATA[ooRh-0TTkeDhaECXVI9w2Jrk7vTE]]></FromUserName>
<CreateTime>1577948448</CreateTime>
<MsgType><![CDATA[event]]></MsgType>
<Event><![CDATA[subscribe]]></Event>
<EventKey><![CDATA[]]></EventKey>
</xml>2020-01-02 10:44:53<xml><ToUserName><![CDATA[gh_70ac0054afe0]]></ToUserName>
<FromUserName><![CDATA[ooRh-0TTkeDhaECXVI9w2Jrk7vTE]]></FromUserName>
<CreateTime>1577948448</CreateTime>
<MsgType><![CDATA[event]]></MsgType>
<Event><![CDATA[subscribe]]></Event>
<EventKey><![CDATA[]]></EventKey>
</xml>2020-01-02 10:44:54<xml><ToUserName><![CDATA[gh_70ac0054afe0]]></ToUserName>
<FromUserName><![CDATA[ooRh-0TTkeDhaECXVI9w2Jrk7vTE]]></FromUserName>
<CreateTime>1577948448</CreateTime>
<MsgType><![CDATA[event]]></MsgType>
<Event><![CDATA[subscribe]]></Event>
<EventKey><![CDATA[]]></EventKey>
</xml>2020-01-02 10:44:55<xml><ToUserName><![CDATA[gh_70ac0054afe0]]></ToUserName>
<FromUserName><![CDATA[ooRh-0TTkeDhaECXVI9w2Jrk7vTE]]></FromUserName>
<CreateTime>1577948448</CreateTime>
<MsgType><![CDATA[event]]></MsgType>
<Event><![CDATA[subscribe]]></Event>
<EventKey><![CDATA[]]></EventKey>
</xml>2020-01-02 10:44:55<xml><ToUserName><![CDATA[gh_70ac0054afe0]]></ToUserName>
<FromUserName><![CDATA[ooRh-0TTkeDhaECXVI9w2Jrk7vTE]]></FromUserName>
<CreateTime>1577948448</CreateTime>
<MsgType><![CDATA[event]]></MsgType>
<Event><![CDATA[subscribe]]></Event>
<EventKey><![CDATA[]]></EventKey>
</xml>2020-01-02 10:44:56<xml><ToUserName><![CDATA[gh_70ac0054afe0]]></ToUserName>
<FromUserName><![CDATA[ooRh-0TTkeDhaECXVI9w2Jrk7vTE]]></FromUserName>
<CreateTime>1577948448</CreateTime>
<MsgType><![CDATA[event]]></MsgType>
<Event><![CDATA[subscribe]]></Event>
<EventKey><![CDATA[]]></EventKey>
</xml>