<xml>
	<ToUserName>
		<![CDATA[gh_70ac0054afe0]]>
	</ToUserName>
	<FromUserName>
		<![CDATA[ooRh-0TTkeDhaECXVI9w2Jrk7vTE]]>
	</FromUserName>
	<CreateTime>1576312811</CreateTime>
	<MsgType>
		<![CDATA[event]]>
	</MsgType>
	<Event>
		<![CDATA[subscribe]]>
	</Event>
	<EventKey>
		<![CDATA[]]>
	</EventKey>
</xml><xml>
	<ToUserName>
		<![CDATA[gh_70ac0054afe0]]>
	</ToUserName>
	<FromUserName>
		<![CDATA[ooRh-0TTkeDhaECXVI9w2Jrk7vTE]]>
	</FromUserName>
	<CreateTime>1576312811</CreateTime>
	<MsgType>
		<![CDATA[event]]>
	</MsgType>
	<Event>
		<![CDATA[subscribe]]>
	</Event>
	<EventKey>
		<![CDATA[]]>
	</EventKey>
</xml><xml>
	<ToUserName>
		<![CDATA[gh_70ac0054afe0]]>
	</ToUserName>
	<FromUserName>
		<![CDATA[ooRh-0TTkeDhaECXVI9w2Jrk7vTE]]>
	</FromUserName>
	<CreateTime>1576312811</CreateTime>
	<MsgType>
		<![CDATA[event]]>
	</MsgType>
	<Event>
		<![CDATA[subscribe]]>
	</Event>
	<EventKey>
		<![CDATA[]]>
	</EventKey>
</xml><xml>
	<ToUserName>
		<![CDATA[gh_70ac0054afe0]]>
	</ToUserName>
	<FromUserName>
		<![CDATA[ooRh-0TTkeDhaECXVI9w2Jrk7vTE]]>
	</FromUserName>
	<CreateTime>1576312811</CreateTime>
	<MsgType>
		<![CDATA[event]]>
	</MsgType>
	<Event>
		<![CDATA[subscribe]]>
	</Event>
	<EventKey>
		<![CDATA[]]>
	</EventKey>
</xml><xml>
	<ToUserName>
		<![CDATA[gh_70ac0054afe0]]>
	</ToUserName>
	<FromUserName>
		<![CDATA[ooRh-0TTkeDhaECXVI9w2Jrk7vTE]]>
	</FromUserName>
	<CreateTime>1576312811</CreateTime>
	<MsgType>
		<![CDATA[event]]>
	</MsgType>
	<Event>
		<![CDATA[subscribe]]>
	</Event>
	<EventKey>
		<![CDATA[]]>
	</EventKey>
</xml><xml>
	<ToUserName>
		<![CDATA[gh_70ac0054afe0]]>
	</ToUserName>
	<FromUserName>
		<![CDATA[ooRh-0TTkeDhaECXVI9w2Jrk7vTE]]>
	</FromUserName>
	<CreateTime>1576312811</CreateTime>
	<MsgType>
		<![CDATA[event]]>
	</MsgType>
	<Event>
		<![CDATA[subscribe]]>
	</Event>
	<EventKey>
		<![CDATA[]]>
	</EventKey>
</xml><xml>
	<ToUserName>
		<![CDATA[gh_70ac0054afe0]]>
	</ToUserName>
	<FromUserName>
		<![CDATA[ooRh-0TTkeDhaECXVI9w2Jrk7vTE]]>
	</FromUserName>
	<CreateTime>1576312811</CreateTime>
	<MsgType>
		<![CDATA[event]]>
	</MsgType>
	<Event>
		<![CDATA[subscribe]]>
	</Event>
	<EventKey>
		<![CDATA[]]>
	</EventKey>
</xml><xml>
	<ToUserName>
		<![CDATA[gh_70ac0054afe0]]>
	</ToUserName>
	<FromUserName>
		<![CDATA[ooRh-0TTkeDhaECXVI9w2Jrk7vTE]]>
	</FromUserName>
	<CreateTime>1576312811</CreateTime>
	<MsgType>
		<![CDATA[event]]>
	</MsgType>
	<Event>
		<![CDATA[subscribe]]>
	</Event>
	<EventKey>
		<![CDATA[]]>
	</EventKey>
</xml><xml>
	<ToUserName>
		<![CDATA[gh_70ac0054afe0]]>
	</ToUserName>
	<FromUserName>
		<![CDATA[ooRh-0TTkeDhaECXVI9w2Jrk7vTE]]>
	</FromUserName>
	<CreateTime>1576312811</CreateTime>
	<MsgType>
		<![CDATA[event]]>
	</MsgType>
	<Event>
		<![CDATA[subscribe]]>
	</Event>
	<EventKey>
		<![CDATA[]]>
	</EventKey>
</xml><xml>
	<ToUserName>
		<![CDATA[gh_70ac0054afe0]]>
	</ToUserName>
	<FromUserName>
		<![CDATA[ooRh-0TTkeDhaECXVI9w2Jrk7vTE]]>
	</FromUserName>
	<CreateTime>1576312811</CreateTime>
	<MsgType>
		<![CDATA[event]]>
	</MsgType>
	<Event>
		<![CDATA[subscribe]]>
	</Event>
	<EventKey>
		<![CDATA[]]>
	</EventKey>
</xml><xml>
	<ToUserName>
		<![CDATA[gh_70ac0054afe0]]>
	</ToUserName>
	<FromUserName>
		<![CDATA[ooRh-0TTkeDhaECXVI9w2Jrk7vTE]]>
	</FromUserName>
	<CreateTime>1576312811</CreateTime>
	<MsgType>
		<![CDATA[event]]>
	</MsgType>
	<Event>
		<![CDATA[subscribe]]>
	</Event>
	<EventKey>
		<![CDATA[]]>
	</EventKey>
</xml><xml>
	<ToUserName>
		<![CDATA[gh_70ac0054afe0]]>
	</ToUserName>
	<FromUserName>
		<![CDATA[ooRh-0TTkeDhaECXVI9w2Jrk7vTE]]>
	</FromUserName>
	<CreateTime>1576312811</CreateTime>
	<MsgType>
		<![CDATA[event]]>
	</MsgType>
	<Event>
		<![CDATA[subscribe]]>
	</Event>
	<EventKey>
		<![CDATA[]]>
	</EventKey>
</xml><xml>
	<ToUserName>
		<![CDATA[gh_70ac0054afe0]]>
	</ToUserName>
	<FromUserName>
		<![CDATA[ooRh-0TTkeDhaECXVI9w2Jrk7vTE]]>
	</FromUserName>
	<CreateTime>1576312811</CreateTime>
	<MsgType>
		<![CDATA[event]]>
	</MsgType>
	<Event>
		<![CDATA[subscribe]]>
	</Event>
	<EventKey>
		<![CDATA[]]>
	</EventKey>
</xml><xml>
	<ToUserName>
		<![CDATA[gh_70ac0054afe0]]>
	</ToUserName>
	<FromUserName>
		<![CDATA[ooRh-0TTkeDhaECXVI9w2Jrk7vTE]]>
	</FromUserName>
	<CreateTime>1576312811</CreateTime>
	<MsgType>
		<![CDATA[event]]>
	</MsgType>
	<Event>
		<![CDATA[subscribe]]>
	</Event>
	<EventKey>
		<![CDATA[]]>
	</EventKey>
</xml><xml>
	<ToUserName>
		<![CDATA[gh_70ac0054afe0]]>
	</ToUserName>
	<FromUserName>
		<![CDATA[ooRh-0TTkeDhaECXVI9w2Jrk7vTE]]>
	</FromUserName>
	<CreateTime>1576312811</CreateTime>
	<MsgType>
		<![CDATA[event]]>
	</MsgType>
	<Event>
		<![CDATA[subscribe]]>
	</Event>
	<EventKey>
		<![CDATA[]]>
	</EventKey>
</xml><xml>
	<ToUserName>
		<![CDATA[gh_70ac0054afe0]]>
	</ToUserName>
	<FromUserName>
		<![CDATA[ooRh-0TTkeDhaECXVI9w2Jrk7vTE]]>
	</FromUserName>
	<CreateTime>1576312811</CreateTime>
	<MsgType>
		<![CDATA[event]]>
	</MsgType>
	<Event>
		<![CDATA[subscribe]]>
	</Event>
	<EventKey>
		<![CDATA[]]>
	</EventKey>
</xml><xml>
	<ToUserName>
		<![CDATA[gh_70ac0054afe0]]>
	</ToUserName>
	<FromUserName>
		<![CDATA[ooRh-0TTkeDhaECXVI9w2Jrk7vTE]]>
	</FromUserName>
	<CreateTime>1576312811</CreateTime>
	<MsgType>
		<![CDATA[event]]>
	</MsgType>
	<Event>
		<![CDATA[subscribe]]>
	</Event>
	<EventKey>
		<![CDATA[]]>
	</EventKey>
</xml><xml>
	<ToUserName>
		<![CDATA[gh_70ac0054afe0]]>
	</ToUserName>
	<FromUserName>
		<![CDATA[ooRh-0TTkeDhaECXVI9w2Jrk7vTE]]>
	</FromUserName>
	<CreateTime>1576312811</CreateTime>
	<MsgType>
		<![CDATA[event]]>
	</MsgType>
	<Event>
		<![CDATA[subscribe]]>
	</Event>
	<EventKey>
		<![CDATA[]]>
	</EventKey>
</xml><xml>
	<ToUserName>
		<![CDATA[gh_70ac0054afe0]]>
	</ToUserName>
	<FromUserName>
		<![CDATA[ooRh-0TTkeDhaECXVI9w2Jrk7vTE]]>
	</FromUserName>
	<CreateTime>1576312811</CreateTime>
	<MsgType>
		<![CDATA[event]]>
	</MsgType>
	<Event>
		<![CDATA[subscribe]]>
	</Event>
	<EventKey>
		<![CDATA[]]>
	</EventKey>
</xml><xml>
	<ToUserName>
		<![CDATA[gh_70ac0054afe0]]>
	</ToUserName>
	<FromUserName>
		<![CDATA[ooRh-0TTkeDhaECXVI9w2Jrk7vTE]]>
	</FromUserName>
	<CreateTime>1576312811</CreateTime>
	<MsgType>
		<![CDATA[event]]>
	</MsgType>
	<Event>
		<![CDATA[subscribe]]>
	</Event>
	<EventKey>
		<![CDATA[]]>
	</EventKey>
</xml><xml>
	<ToUserName>
		<![CDATA[gh_70ac0054afe0]]>
	</ToUserName>
	<FromUserName>
		<![CDATA[ooRh-0TTkeDhaECXVI9w2Jrk7vTE]]>
	</FromUserName>
	<CreateTime>1576312811</CreateTime>
	<MsgType>
		<![CDATA[event]]>
	</MsgType>
	<Event>
		<![CDATA[subscribe]]>
	</Event>
	<EventKey>
		<![CDATA[]]>
	</EventKey>
</xml><xml><ToUserName><![CDATA[gh_70ac0054afe0]]></ToUserName>
<FromUserName><![CDATA[ooRh-0TTkeDhaECXVI9w2Jrk7vTE]]></FromUserName>
<CreateTime>1577948448</CreateTime>
<MsgType><![CDATA[event]]></MsgType>
<Event><![CDATA[subscribe]]></Event>
<EventKey><![CDATA[]]></EventKey>
</xml>